This is pdfTeX, Version 3.14159265-2.6-1.40.16 (MiKTeX 2.9) (preloaded format=pdflatex 2015.11.4)  15 MAR 2016 23:35
entering extended mode
**Tesis.tex
(Tesis.tex
LaTeX2e <2015/01/01> patch level 2
Babel <3.9m> and hyphenation patterns for 69 languages loaded.
("C:\Program Files (x86)\MiKTeX 2.9\tex\latex\base\article.cls"
Document Class: article 2014/09/29 v1.4h Standard LaTeX document class
("C:\Program Files (x86)\MiKTeX 2.9\tex\latex\base\size10.clo"
File: size10.clo 2014/09/29 v1.4h Standard LaTeX file (size option)
)
\c@part=\count79
\c@section=\count80
\c@subsection=\count81
\c@subsubsection=\count82
\c@paragraph=\count83
\c@subparagraph=\count84
\c@figure=\count85
\c@table=\count86
\abovecaptionskip=\skip41
\belowcaptionskip=\skip42
\bibindent=\dimen102
)
("C:\Program Files (x86)\MiKTeX 2.9\tex\latex\lm\lmodern.sty"
Package: lmodern 2009/10/30 v1.6 Latin Modern Fonts
LaTeX Font Info:    Overwriting symbol font `operators' in version `normal'
(Font)                  OT1/cmr/m/n --> OT1/lmr/m/n on input line 22.
LaTeX Font Info:    Overwriting symbol font `letters' in version `normal'
(Font)                  OML/cmm/m/it --> OML/lmm/m/it on input line 23.
LaTeX Font Info:    Overwriting symbol font `symbols' in version `normal'
(Font)                  OMS/cmsy/m/n --> OMS/lmsy/m/n on input line 24.
LaTeX Font Info:    Overwriting symbol font `largesymbols' in version `normal'
(Font)                  OMX/cmex/m/n --> OMX/lmex/m/n on input line 25.
LaTeX Font Info:    Overwriting symbol font `operators' in version `bold'
(Font)                  OT1/cmr/bx/n --> OT1/lmr/bx/n on input line 26.
LaTeX Font Info:    Overwriting symbol font `letters' in version `bold'
(Font)                  OML/cmm/b/it --> OML/lmm/b/it on input line 27.
LaTeX Font Info:    Overwriting symbol font `symbols' in version `bold'
(Font)                  OMS/cmsy/b/n --> OMS/lmsy/b/n on input line 28.
LaTeX Font Info:    Overwriting symbol font `largesymbols' in version `bold'
(Font)                  OMX/cmex/m/n --> OMX/lmex/m/n on input line 29.
LaTeX Font Info:    Overwriting math alphabet `\mathbf' in version `normal'
(Font)                  OT1/cmr/bx/n --> OT1/lmr/bx/n on input line 31.
LaTeX Font Info:    Overwriting math alphabet `\mathsf' in version `normal'
(Font)                  OT1/cmss/m/n --> OT1/lmss/m/n on input line 32.
LaTeX Font Info:    Overwriting math alphabet `\mathit' in version `normal'
(Font)                  OT1/cmr/m/it --> OT1/lmr/m/it on input line 33.
LaTeX Font Info:    Overwriting math alphabet `\mathtt' in version `normal'
(Font)                  OT1/cmtt/m/n --> OT1/lmtt/m/n on input line 34.
LaTeX Font Info:    Overwriting math alphabet `\mathbf' in version `bold'
(Font)                  OT1/cmr/bx/n --> OT1/lmr/bx/n on input line 35.
LaTeX Font Info:    Overwriting math alphabet `\mathsf' in version `bold'
(Font)                  OT1/cmss/bx/n --> OT1/lmss/bx/n on input line 36.
LaTeX Font Info:    Overwriting math alphabet `\mathit' in version `bold'
(Font)                  OT1/cmr/bx/it --> OT1/lmr/bx/it on input line 37.
LaTeX Font Info:    Overwriting math alphabet `\mathtt' in version `bold'
(Font)                  OT1/cmtt/m/n --> OT1/lmtt/m/n on input line 38.
)
("C:\Program Files (x86)\MiKTeX 2.9\tex\latex\base\fontenc.sty"
Package: fontenc 2005/09/27 v1.99g Standard LaTeX package

("C:\Program Files (x86)\MiKTeX 2.9\tex\latex\base\t1enc.def"
File: t1enc.def 2005/09/27 v1.99g Standard LaTeX file
LaTeX Font Info:    Redeclaring font encoding T1 on input line 48.
))
("C:\Program Files (x86)\MiKTeX 2.9\tex\generic\babel\babel.sty"
Package: babel 2015/08/03 3.9m The Babel package

*************************************
* Local config file bblopts.cfg used
*
("C:\Program Files (x86)\MiKTeX 2.9\tex\latex\00miktex\bblopts.cfg"
File: bblopts.cfg 2006/07/31 v1.0 MiKTeX 'babel' configuration
)
("C:\Program Files (x86)\MiKTeX 2.9\tex\latex\babel-spanish\spanish.ldf"
Language: spanish.ldf 2014/04/24 v5.0n Spanish support from the babel system

("C:\Program Files (x86)\MiKTeX 2.9\tex\generic\babel\babel.def"
File: babel.def 2015/08/03 3.9m Babel common definitions
\babel@savecnt=\count87
\U@D=\dimen103
)
\es@quottoks=\toks14
\es@quotdepth=\count88
Package babel Info: Making " an active character on input line 516.
Package babel Info: Making . an active character on input line 617.
Package babel Info: Making < an active character on input line 662.
Package babel Info: Making > an active character on input line 662.
Package babel Info: Making ' an active character on input line 680.
))
("C:\Program Files (x86)\MiKTeX 2.9\tex\latex\mathtools\mathtools.sty"
Package: mathtools 2015/06/17 v1.17 mathematical typesetting tools

("C:\Program Files (x86)\MiKTeX 2.9\tex\latex\graphics\keyval.sty"
Package: keyval 2014/10/28 v1.15 key=value parser (DPC)
\KV@toks@=\toks15
)
("C:\Program Files (x86)\MiKTeX 2.9\tex\latex\tools\calc.sty"
Package: calc 2014/10/28 v4.3 Infix arithmetic (KKT,FJ)
\calc@Acount=\count89
\calc@Bcount=\count90
\calc@Adimen=\dimen104
\calc@Bdimen=\dimen105
\calc@Askip=\skip43
\calc@Bskip=\skip44
LaTeX Info: Redefining \setlength on input line 80.
LaTeX Info: Redefining \addtolength on input line 81.
\calc@Ccount=\count91
\calc@Cskip=\skip45
)
("C:\Program Files (x86)\MiKTeX 2.9\tex\latex\mathtools\mhsetup.sty"
Package: mhsetup 2010/01/21 v1.2a programming setup (MH)
)
("C:\Program Files (x86)\MiKTeX 2.9\tex\latex\amsmath\amsmath.sty"
Package: amsmath 2013/01/14 v2.14 AMS math features
\@mathmargin=\skip46

For additional information on amsmath, use the `?' option.
("C:\Program Files (x86)\MiKTeX 2.9\tex\latex\amsmath\amstext.sty"
Package: amstext 2000/06/29 v2.01

("C:\Program Files (x86)\MiKTeX 2.9\tex\latex\amsmath\amsgen.sty"
File: amsgen.sty 1999/11/30 v2.0
\@emptytoks=\toks16
\ex@=\dimen106
))
("C:\Program Files (x86)\MiKTeX 2.9\tex\latex\amsmath\amsbsy.sty"
Package: amsbsy 1999/11/29 v1.2d
\pmbraise@=\dimen107
)
("C:\Program Files (x86)\MiKTeX 2.9\tex\latex\amsmath\amsopn.sty"
Package: amsopn 1999/12/14 v2.01 operator names
)
\inf@bad=\count92
LaTeX Info: Redefining \frac on input line 210.
\uproot@=\count93
\leftroot@=\count94
LaTeX Info: Redefining \overline on input line 306.
\classnum@=\count95
\DOTSCASE@=\count96
LaTeX Info: Redefining \ldots on input line 378.
LaTeX Info: Redefining \dots on input line 381.
LaTeX Info: Redefining \cdots on input line 466.
\Mathstrutbox@=\box26
\strutbox@=\box27
\big@size=\dimen108
LaTeX Font Info:    Redeclaring font encoding OML on input line 566.
LaTeX Font Info:    Redeclaring font encoding OMS on input line 567.
\macc@depth=\count97
\c@MaxMatrixCols=\count98
\dotsspace@=\muskip10
\c@parentequation=\count99
\dspbrk@lvl=\count100
\tag@help=\toks17
\row@=\count101
\column@=\count102
\maxfields@=\count103
\andhelp@=\toks18
\eqnshift@=\dimen109
\alignsep@=\dimen110
\tagshift@=\dimen111
\tagwidth@=\dimen112
\totwidth@=\dimen113
\lineht@=\dimen114
\@envbody=\toks19
\multlinegap=\skip47
\multlinetaggap=\skip48
\mathdisplay@stack=\toks20
LaTeX Info: Redefining \[ on input line 2665.
LaTeX Info: Redefining \] on input line 2666.
)
LaTeX Info: Thecontrolsequence`\('isalreadyrobust on input line 129.
LaTeX Info: Thecontrolsequence`\)'isalreadyrobust on input line 129.
LaTeX Info: Thecontrolsequence`\['isalreadyrobust on input line 129.
LaTeX Info: Thecontrolsequence`\]'isalreadyrobust on input line 129.
\g_MT_multlinerow_int=\count104
\l_MT_multwidth_dim=\dimen115
\origjot=\skip49
\l_MT_shortvdotswithinadjustabove_dim=\dimen116
\l_MT_shortvdotswithinadjustbelow_dim=\dimen117
\l_MT_above_intertext_sep=\dimen118
\l_MT_below_intertext_sep=\dimen119
\l_MT_above_shortintertext_sep=\dimen120
\l_MT_below_shortintertext_sep=\dimen121
)
("C:\Program Files (x86)\MiKTeX 2.9\tex\latex\graphics\graphicx.sty"
Package: graphicx 2014/10/28 v1.0g Enhanced LaTeX Graphics (DPC,SPQR)

("C:\Program Files (x86)\MiKTeX 2.9\tex\latex\graphics\graphics.sty"
Package: graphics 2014/10/28 v1.0p Standard LaTeX Graphics (DPC,SPQR)

("C:\Program Files (x86)\MiKTeX 2.9\tex\latex\graphics\trig.sty"
Package: trig 1999/03/16 v1.09 sin cos tan (DPC)
)
("C:\Program Files (x86)\MiKTeX 2.9\tex\latex\00miktex\graphics.cfg"
File: graphics.cfg 2007/01/18 v1.5 graphics configuration of teTeX/TeXLive
)
Package graphics Info: Driver file: pdftex.def on input line 94.

("C:\Program Files (x86)\MiKTeX 2.9\tex\latex\pdftex-def\pdftex.def"
File: pdftex.def 2011/05/27 v0.06d Graphics/color for pdfTeX

("C:\Program Files (x86)\MiKTeX 2.9\tex\generic\oberdiek\infwarerr.sty"
Package: infwarerr 2010/04/08 v1.3 Providing info/warning/error messages (HO)
)
("C:\Program Files (x86)\MiKTeX 2.9\tex\generic\oberdiek\ltxcmds.sty"
Package: ltxcmds 2011/11/09 v1.22 LaTeX kernel commands for general use (HO)
)
\Gread@gobject=\count105
))
\Gin@req@height=\dimen122
\Gin@req@width=\dimen123
)
("C:\Program Files (x86)\MiKTeX 2.9\tex\latex\ltxmisc\parskip.sty"
Package: parskip 2001/04/09 non-zero parskip adjustments
)
("C:\Program Files (x86)\MiKTeX 2.9\tex\latex\pgf\frontendlayer\tikz.sty"
("C:\Program Files (x86)\MiKTeX 2.9\tex\latex\pgf\basiclayer\pgf.sty"
("C:\Program Files (x86)\MiKTeX 2.9\tex\latex\pgf\utilities\pgfrcs.sty"
("C:\Program Files (x86)\MiKTeX 2.9\tex\generic\pgf\utilities\pgfutil-common.tex"
\pgfutil@everybye=\toks21
\pgfutil@tempdima=\dimen124
\pgfutil@tempdimb=\dimen125

("C:\Program Files (x86)\MiKTeX 2.9\tex\generic\pgf\utilities\pgfutil-common-lists.tex"))
("C:\Program Files (x86)\MiKTeX 2.9\tex\generic\pgf\utilities\pgfutil-latex.def"
\pgfutil@abb=\box28

("C:\Program Files (x86)\MiKTeX 2.9\tex\latex\ms\everyshi.sty"
Package: everyshi 2001/05/15 v3.00 EveryShipout Package (MS)
))
("C:\Program Files (x86)\MiKTeX 2.9\tex\generic\pgf\utilities\pgfrcs.code.tex"
Package: pgfrcs 2015/08/07 v3.0.1a (rcs-revision 1.31)
))
Package: pgf 2015/08/07 v3.0.1a (rcs-revision 1.15)

("C:\Program Files (x86)\MiKTeX 2.9\tex\latex\pgf\basiclayer\pgfcore.sty"
("C:\Program Files (x86)\MiKTeX 2.9\tex\latex\pgf\systemlayer\pgfsys.sty"
("C:\Program Files (x86)\MiKTeX 2.9\tex\generic\pgf\systemlayer\pgfsys.code.tex"
Package: pgfsys 2014/07/09 v3.0.1a (rcs-revision 1.48)

("C:\Program Files (x86)\MiKTeX 2.9\tex\generic\pgf\utilities\pgfkeys.code.tex"
\pgfkeys@pathtoks=\toks22
\pgfkeys@temptoks=\toks23

("C:\Program Files (x86)\MiKTeX 2.9\tex\generic\pgf\utilities\pgfkeysfiltered.code.tex"
\pgfkeys@tmptoks=\toks24
))
\pgf@x=\dimen126
\pgf@y=\dimen127
\pgf@xa=\dimen128
\pgf@ya=\dimen129
\pgf@xb=\dimen130
\pgf@yb=\dimen131
\pgf@xc=\dimen132
\pgf@yc=\dimen133
\w@pgf@writea=\write3
\r@pgf@reada=\read1
\c@pgf@counta=\count106
\c@pgf@countb=\count107
\c@pgf@countc=\count108
\c@pgf@countd=\count109
\t@pgf@toka=\toks25
\t@pgf@tokb=\toks26
\t@pgf@tokc=\toks27

("C:\Program Files (x86)\MiKTeX 2.9\tex\generic\pgf\systemlayer\pgf.cfg"
File: pgf.cfg 2008/05/14  (rcs-revision 1.7)
)
Driver file for pgf: pgfsys-pdftex.def

("C:\Program Files (x86)\MiKTeX 2.9\tex\generic\pgf\systemlayer\pgfsys-pdftex.def"
File: pgfsys-pdftex.def 2014/10/11  (rcs-revision 1.35)

("C:\Program Files (x86)\MiKTeX 2.9\tex\generic\pgf\systemlayer\pgfsys-common-pdf.def"
File: pgfsys-common-pdf.def 2013/10/10  (rcs-revision 1.13)
)))
("C:\Program Files (x86)\MiKTeX 2.9\tex\generic\pgf\systemlayer\pgfsyssoftpath.code.tex"
File: pgfsyssoftpath.code.tex 2013/09/09  (rcs-revision 1.9)
\pgfsyssoftpath@smallbuffer@items=\count110
\pgfsyssoftpath@bigbuffer@items=\count111
)
("C:\Program Files (x86)\MiKTeX 2.9\tex\generic\pgf\systemlayer\pgfsysprotocol.code.tex"
File: pgfsysprotocol.code.tex 2006/10/16  (rcs-revision 1.4)
))
("C:\Program Files (x86)\MiKTeX 2.9\tex\latex\xcolor\xcolor.sty"
Package: xcolor 2007/01/21 v2.11 LaTeX color extensions (UK)

("C:\Program Files (x86)\MiKTeX 2.9\tex\latex\00miktex\color.cfg"
File: color.cfg 2007/01/18 v1.5 color configuration of teTeX/TeXLive
)
Package xcolor Info: Driver file: pdftex.def on input line 225.
Package xcolor Info: Model `cmy' substituted by `cmy0' on input line 1337.
Package xcolor Info: Model `hsb' substituted by `rgb' on input line 1341.
Package xcolor Info: Model `RGB' extended on input line 1353.
Package xcolor Info: Model `HTML' substituted by `rgb' on input line 1355.
Package xcolor Info: Model `Hsb' substituted by `hsb' on input line 1356.
Package xcolor Info: Model `tHsb' substituted by `hsb' on input line 1357.
Package xcolor Info: Model `HSB' substituted by `hsb' on input line 1358.
Package xcolor Info: Model `Gray' substituted by `gray' on input line 1359.
Package xcolor Info: Model `wave' substituted by `hsb' on input line 1360.
)
("C:\Program Files (x86)\MiKTeX 2.9\tex\generic\pgf\basiclayer\pgfcore.code.tex"
Package: pgfcore 2010/04/11 v3.0.1a (rcs-revision 1.7)

("C:\Program Files (x86)\MiKTeX 2.9\tex\generic\pgf\math\pgfmath.code.tex"
("C:\Program Files (x86)\MiKTeX 2.9\tex\generic\pgf\math\pgfmathcalc.code.tex"
("C:\Program Files (x86)\MiKTeX 2.9\tex\generic\pgf\math\pgfmathutil.code.tex")
("C:\Program Files (x86)\MiKTeX 2.9\tex\generic\pgf\math\pgfmathparser.code.tex"
\pgfmath@dimen=\dimen134
\pgfmath@count=\count112
\pgfmath@box=\box29
\pgfmath@toks=\toks28
\pgfmath@stack@operand=\toks29
\pgfmath@stack@operation=\toks30
)
("C:\Program Files (x86)\MiKTeX 2.9\tex\generic\pgf\math\pgfmathfunctions.code.tex"
("C:\Program Files (x86)\MiKTeX 2.9\tex\generic\pgf\math\pgfmathfunctions.basic.code.tex")
("C:\Program Files (x86)\MiKTeX 2.9\tex\generic\pgf\math\pgfmathfunctions.trigonometric.code.tex")
("C:\Program Files (x86)\MiKTeX 2.9\tex\generic\pgf\math\pgfmathfunctions.random.code.tex")
("C:\Program Files (x86)\MiKTeX 2.9\tex\generic\pgf\math\pgfmathfunctions.comparison.code.tex")
("C:\Program Files (x86)\MiKTeX 2.9\tex\generic\pgf\math\pgfmathfunctions.base.code.tex")
("C:\Program Files (x86)\MiKTeX 2.9\tex\generic\pgf\math\pgfmathfunctions.round.code.tex")
("C:\Program Files (x86)\MiKTeX 2.9\tex\generic\pgf\math\pgfmathfunctions.misc.code.tex")
("C:\Program Files (x86)\MiKTeX 2.9\tex\generic\pgf\math\pgfmathfunctions.integerarithmetics.code.tex")))
("C:\Program Files (x86)\MiKTeX 2.9\tex\generic\pgf\math\pgfmathfloat.code.tex"
\c@pgfmathroundto@lastzeros=\count113
))
("C:\Program Files (x86)\MiKTeX 2.9\tex\generic\pgf\basiclayer\pgfcorepoints.code.tex"
File: pgfcorepoints.code.tex 2013/10/07  (rcs-revision 1.27)
\pgf@picminx=\dimen135
\pgf@picmaxx=\dimen136
\pgf@picminy=\dimen137
\pgf@picmaxy=\dimen138
\pgf@pathminx=\dimen139
\pgf@pathmaxx=\dimen140
\pgf@pathminy=\dimen141
\pgf@pathmaxy=\dimen142
\pgf@xx=\dimen143
\pgf@xy=\dimen144
\pgf@yx=\dimen145
\pgf@yy=\dimen146
\pgf@zx=\dimen147
\pgf@zy=\dimen148
)
("C:\Program Files (x86)\MiKTeX 2.9\tex\generic\pgf\basiclayer\pgfcorepathconstruct.code.tex"
File: pgfcorepathconstruct.code.tex 2013/10/07  (rcs-revision 1.29)
\pgf@path@lastx=\dimen149
\pgf@path@lasty=\dimen150
)
("C:\Program Files (x86)\MiKTeX 2.9\tex\generic\pgf\basiclayer\pgfcorepathusage.code.tex"
File: pgfcorepathusage.code.tex 2014/11/02  (rcs-revision 1.24)
\pgf@shorten@end@additional=\dimen151
\pgf@shorten@start@additional=\dimen152
)
("C:\Program Files (x86)\MiKTeX 2.9\tex\generic\pgf\basiclayer\pgfcorescopes.code.tex"
File: pgfcorescopes.code.tex 2015/05/08  (rcs-revision 1.46)
\pgfpic=\box30
\pgf@hbox=\box31
\pgf@layerbox@main=\box32
\pgf@picture@serial@count=\count114
)
("C:\Program Files (x86)\MiKTeX 2.9\tex\generic\pgf\basiclayer\pgfcoregraphicstate.code.tex"
File: pgfcoregraphicstate.code.tex 2014/11/02  (rcs-revision 1.12)
\pgflinewidth=\dimen153
)
("C:\Program Files (x86)\MiKTeX 2.9\tex\generic\pgf\basiclayer\pgfcoretransformations.code.tex"
File: pgfcoretransformations.code.tex 2015/08/07  (rcs-revision 1.20)
\pgf@pt@x=\dimen154
\pgf@pt@y=\dimen155
\pgf@pt@temp=\dimen156
)
("C:\Program Files (x86)\MiKTeX 2.9\tex\generic\pgf\basiclayer\pgfcorequick.code.tex"
File: pgfcorequick.code.tex 2008/10/09  (rcs-revision 1.3)
)
("C:\Program Files (x86)\MiKTeX 2.9\tex\generic\pgf\basiclayer\pgfcoreobjects.code.tex"
File: pgfcoreobjects.code.tex 2006/10/11  (rcs-revision 1.2)
)
("C:\Program Files (x86)\MiKTeX 2.9\tex\generic\pgf\basiclayer\pgfcorepathprocessing.code.tex"
File: pgfcorepathprocessing.code.tex 2013/09/09  (rcs-revision 1.9)
)
("C:\Program Files (x86)\MiKTeX 2.9\tex\generic\pgf\basiclayer\pgfcorearrows.code.tex"
File: pgfcorearrows.code.tex 2015/05/14  (rcs-revision 1.43)
\pgfarrowsep=\dimen157
)
("C:\Program Files (x86)\MiKTeX 2.9\tex\generic\pgf\basiclayer\pgfcoreshade.code.tex"
File: pgfcoreshade.code.tex 2013/07/15  (rcs-revision 1.15)
\pgf@max=\dimen158
\pgf@sys@shading@range@num=\count115
)
("C:\Program Files (x86)\MiKTeX 2.9\tex\generic\pgf\basiclayer\pgfcoreimage.code.tex"
File: pgfcoreimage.code.tex 2013/07/15  (rcs-revision 1.18)

("C:\Program Files (x86)\MiKTeX 2.9\tex\generic\pgf\basiclayer\pgfcoreexternal.code.tex"
File: pgfcoreexternal.code.tex 2014/07/09  (rcs-revision 1.21)
\pgfexternal@startupbox=\box33
))
("C:\Program Files (x86)\MiKTeX 2.9\tex\generic\pgf\basiclayer\pgfcorelayers.code.tex"
File: pgfcorelayers.code.tex 2013/07/18  (rcs-revision 1.7)
)
("C:\Program Files (x86)\MiKTeX 2.9\tex\generic\pgf\basiclayer\pgfcoretransparency.code.tex"
File: pgfcoretransparency.code.tex 2013/09/30  (rcs-revision 1.5)
)
("C:\Program Files (x86)\MiKTeX 2.9\tex\generic\pgf\basiclayer\pgfcorepatterns.code.tex"
File: pgfcorepatterns.code.tex 2013/11/07  (rcs-revision 1.5)
)))
("C:\Program Files (x86)\MiKTeX 2.9\tex\generic\pgf\modules\pgfmoduleshapes.code.tex"
File: pgfmoduleshapes.code.tex 2014/03/21  (rcs-revision 1.35)
\pgfnodeparttextbox=\box34
)
("C:\Program Files (x86)\MiKTeX 2.9\tex\generic\pgf\modules\pgfmoduleplot.code.tex"
File: pgfmoduleplot.code.tex 2015/08/03  (rcs-revision 1.13)
)
("C:\Program Files (x86)\MiKTeX 2.9\tex\latex\pgf\compatibility\pgfcomp-version-0-65.sty"
Package: pgfcomp-version-0-65 2007/07/03 v3.0.1a (rcs-revision 1.7)
\pgf@nodesepstart=\dimen159
\pgf@nodesepend=\dimen160
)
("C:\Program Files (x86)\MiKTeX 2.9\tex\latex\pgf\compatibility\pgfcomp-version-1-18.sty"
Package: pgfcomp-version-1-18 2007/07/23 v3.0.1a (rcs-revision 1.1)
))
("C:\Program Files (x86)\MiKTeX 2.9\tex\latex\pgf\utilities\pgffor.sty"
("C:\Program Files (x86)\MiKTeX 2.9\tex\latex\pgf\utilities\pgfkeys.sty"
("C:\Program Files (x86)\MiKTeX 2.9\tex\generic\pgf\utilities\pgfkeys.code.tex"))
("C:\Program Files (x86)\MiKTeX 2.9\tex\latex\pgf\math\pgfmath.sty"
("C:\Program Files (x86)\MiKTeX 2.9\tex\generic\pgf\math\pgfmath.code.tex"))
("C:\Program Files (x86)\MiKTeX 2.9\tex\generic\pgf\utilities\pgffor.code.tex"
Package: pgffor 2013/12/13 v3.0.1a (rcs-revision 1.25)

("C:\Program Files (x86)\MiKTeX 2.9\tex\generic\pgf\math\pgfmath.code.tex")
\pgffor@iter=\dimen161
\pgffor@skip=\dimen162
\pgffor@stack=\toks31
\pgffor@toks=\toks32
))
("C:\Program Files (x86)\MiKTeX 2.9\tex\generic\pgf\frontendlayer\tikz\tikz.code.tex"
Package: tikz 2015/08/07 v3.0.1a (rcs-revision 1.151)

("C:\Program Files (x86)\MiKTeX 2.9\tex\generic\pgf\libraries\pgflibraryplothandlers.code.tex"
File: pgflibraryplothandlers.code.tex 2013/08/31 v3.0.1a (rcs-revision 1.20)
\pgf@plot@mark@count=\count116
\pgfplotmarksize=\dimen163
)
\tikz@lastx=\dimen164
\tikz@lasty=\dimen165
\tikz@lastxsaved=\dimen166
\tikz@lastysaved=\dimen167
\tikzleveldistance=\dimen168
\tikzsiblingdistance=\dimen169
\tikz@figbox=\box35
\tikz@figbox@bg=\box36
\tikz@tempbox=\box37
\tikz@tempbox@bg=\box38
\tikztreelevel=\count117
\tikznumberofchildren=\count118
\tikznumberofcurrentchild=\count119
\tikz@fig@count=\count120

("C:\Program Files (x86)\MiKTeX 2.9\tex\generic\pgf\modules\pgfmodulematrix.code.tex"
File: pgfmodulematrix.code.tex 2013/09/17  (rcs-revision 1.8)
\pgfmatrixcurrentrow=\count121
\pgfmatrixcurrentcolumn=\count122
\pgf@matrix@numberofcolumns=\count123
)
\tikz@expandcount=\count124

("C:\Program Files (x86)\MiKTeX 2.9\tex\generic\pgf\frontendlayer\tikz\libraries\tikzlibrarytopaths.code.tex"
File: tikzlibrarytopaths.code.tex 2008/06/17 v3.0.1a (rcs-revision 1.2)
)))
(lineno.sty
Package: lineno 2005/11/02 line numbers on paragraphs v4.41
\linenopenalty=\count125
\output=\toks33
\linenoprevgraf=\count126
\linenumbersep=\dimen170
\linenumberwidth=\dimen171
\c@linenumber=\count127
\c@pagewiselinenumber=\count128
\c@LN@truepage=\count129
\c@internallinenumber=\count130
\c@internallinenumbers=\count131
\quotelinenumbersep=\dimen172
\bframerule=\dimen173
\bframesep=\dimen174
\bframebox=\box39
LaTeX Info: Redefining \\ on input line 3056.
) ("C:\Program Files (x86)\MiKTeX 2.9\tex\latex\appendix\appendix.sty"
Package: appendix 2009/09/02 v1.2b extra appendix facilities
\c@@pps=\count132
\c@@ppsavesec=\count133
\c@@ppsaveapp=\count134
)
("C:\Program Files (x86)\MiKTeX 2.9\tex\latex\placeins\placeins.sty"
Package: placeins 2005/04/18  v 2.2
) (Tesis.aux
LaTeX Info: Redefining \. on input line 7.
LaTeX Info: Redefining \% on input line 7.
)
LaTeX Font Info:    Checking defaults for OML/cmm/m/it on input line 17.
LaTeX Font Info:    ... okay on input line 17.
LaTeX Font Info:    Checking defaults for T1/cmr/m/n on input line 17.
LaTeX Font Info:    ... okay on input line 17.
LaTeX Font Info:    Checking defaults for OT1/cmr/m/n on input line 17.
LaTeX Font Info:    ... okay on input line 17.
LaTeX Font Info:    Checking defaults for OMS/cmsy/m/n on input line 17.
LaTeX Font Info:    ... okay on input line 17.
LaTeX Font Info:    Checking defaults for OMX/cmex/m/n on input line 17.
LaTeX Font Info:    ... okay on input line 17.
LaTeX Font Info:    Checking defaults for U/cmr/m/n on input line 17.
LaTeX Font Info:    ... okay on input line 17.
LaTeX Font Info:    Try loading font information for T1+lmr on input line 17.

("C:\Program Files (x86)\MiKTeX 2.9\tex\latex\lm\t1lmr.fd"
File: t1lmr.fd 2009/10/30 v1.6 Font defs for Latin Modern
)
LaTeX Info: Redefining \. on input line 17.
LaTeX Info: Redefining \% on input line 17.

("C:\Program Files (x86)\MiKTeX 2.9\tex\context\base\supp-pdf.mkii"
[Loading MPS to PDF converter (version 2006.09.02).]
\scratchcounter=\count135
\scratchdimen=\dimen175
\scratchbox=\box40
\nofMPsegments=\count136
\nofMParguments=\count137
\everyMPshowfont=\toks34
\MPscratchCnt=\count138
\MPscratchDim=\dimen176
\MPnumerator=\count139
\makeMPintoPDFobject=\count140
\everyMPtoPDFconversion=\toks35
) ABD: EveryShipout initializing macros <Graficos/fing.jpg, id=4, 291.7299pt x 286.9119pt>
File: Graficos/fing.jpg Graphic file (type jpg)
 <use Graficos/fing.jpg>
Package pdftex.def Info: Graficos/fing.jpg used on input line 42.
(pdftex.def)             Requested size: 137.9979pt x 135.7198pt.

[1

{C:/Users/Usuario/AppData/Local/MiKTeX/2.9/pdftex/config/pdftex.map} <./Graficos/fing.jpg>]
LaTeX Font Info:    Try loading font information for OT1+lmr on input line 57.

("C:\Program Files (x86)\MiKTeX 2.9\tex\latex\lm\ot1lmr.fd"
File: ot1lmr.fd 2009/10/30 v1.6 Font defs for Latin Modern
)
LaTeX Font Info:    Try loading font information for OML+lmm on input line 57.
 ("C:\Program Files (x86)\MiKTeX 2.9\tex\latex\lm\omllmm.fd"
File: omllmm.fd 2009/10/30 v1.6 Font defs for Latin Modern
)
LaTeX Font Info:    Try loading font information for OMS+lmsy on input line 57.
 ("C:\Program Files (x86)\MiKTeX 2.9\tex\latex\lm\omslmsy.fd"
File: omslmsy.fd 2009/10/30 v1.6 Font defs for Latin Modern
)
LaTeX Font Info:    Try loading font information for OMX+lmex on input line 57.

("C:\Program Files (x86)\MiKTeX 2.9\tex\latex\lm\omxlmex.fd"
File: omxlmex.fd 2009/10/30 v1.6 Font defs for Latin Modern
)
LaTeX Font Info:    External font `lmex10' loaded for size
(Font)              <10> on input line 57.
LaTeX Font Info:    External font `lmex10' loaded for size
(Font)              <7> on input line 57.
LaTeX Font Info:    External font `lmex10' loaded for size
(Font)              <5> on input line 57.
 [1] [2] [3] [4] [5] (Tesis.toc
LaTeX Info: Redefining \. on input line 1.
LaTeX Info: Redefining \% on input line 1.
 [6])
\tf@toc=\write4
 [7] [8] (Tesis.lof
LaTeX Info: Redefining \. on input line 1.
LaTeX Info: Redefining \% on input line 1.
)
\tf@lof=\write5

[9] [10]
LaTeX Font Info:    Try loading font information for T1+lmss on input line 121.
 ("C:\Program Files (x86)\MiKTeX 2.9\tex\latex\lm\t1lmss.fd"
File: t1lmss.fd 2009/10/30 v1.6 Font defs for Latin Modern
) [11] [12] [13] [14] [15]
<Graficos/sap2000.jpg, id=63, 1927.2pt x 1043.9pt>
File: Graficos/sap2000.jpg Graphic file (type jpg)
 <use Graficos/sap2000.jpg>
Package pdftex.def Info: Graficos/sap2000.jpg used on input line 220.
(pdftex.def)             Requested size: 413.99895pt x 224.24298pt.
 [16]
<Graficos/axisvm.jpg, id=67, 1284.8pt x 722.7pt>
File: Graficos/axisvm.jpg Graphic file (type jpg)
 <use Graficos/axisvm.jpg>
Package pdftex.def Info: Graficos/axisvm.jpg used on input line 245.
(pdftex.def)             Requested size: 413.99895pt x 232.8677pt.
 [17 <./Graficos/sap2000.jpg>] [18 <./Graficos/axisvm.jpg>] [19] [20] [21] [22] [23] <Graficos/Communication.png, id=90,
 1704.3675pt x 511.9125pt>
File: Graficos/Communication.png Graphic file (type png)

<use Graficos/Communication.png>
Package pdftex.def Info: Graficos/Communication.png used on input line 425.
(pdftex.def)             Requested size: 448.50105pt x 134.7032pt.
 [24] <Graficos/Kanban.png, id=96, 587.94656pt x 95.6072pt>
File: Graficos/Kanban.png Graphic file (type png)
 <use Graficos/Kanban.png>
Package pdftex.def Info: Graficos/Kanban.png used on input line 442.
(pdftex.def)             Requested size: 413.99895pt x 67.32137pt.

[25 <./Graficos/Communication.png>] <Graficos/Gantt.png, id=101, 671.50874pt x 166.37157pt>
File: Graficos/Gantt.png Graphic file (type png)
 <use Graficos/Gantt.png>
Package pdftex.def Info: Graficos/Gantt.png used on input line 458.
(pdftex.def)             Requested size: 448.50105pt x 111.12056pt.

[26 <./Graficos/Kanban.png> <./Graficos/Gantt.png>] [27] [28]
<Graficos/ModeloDominio.png, id=113, 1656.1875pt x 698.61pt>
File: Graficos/ModeloDominio.png Graphic file (type png)
 <use Graficos/ModeloDominio.png>
Package pdftex.def Info: Graficos/ModeloDominio.png used on input line 511.
(pdftex.def)             Requested size: 448.50105pt x 189.18153pt.
 [29] [30 <./Graficos/ModeloDominio.png>] <Graficos/Flujo.png, id=122, 1915.155pt x 710.655pt>
File: Graficos/Flujo.png Graphic file (type png)
 <use Graficos/Flujo.png>
Package pdftex.def Info: Graficos/Flujo.png used on input line 557.
(pdftex.def)             Requested size: 448.50105pt x 166.41838pt.
 [31]
<Graficos/Componentes.png, id=126, 1854.93pt x 1734.48pt>
File: Graficos/Componentes.png Graphic file (type png)
 <use Graficos/Componentes.png>
Package pdftex.def Info: Graficos/Componentes.png used on input line 571.
(pdftex.def)             Requested size: 448.50105pt x 419.38023pt.
 [32 <./Graficos/Flujo.png>]
[33 <./Graficos/Componentes.png>] [34] [35] <Graficos/FisicaLocal.png, id=141, 1399.2275pt x 907.39pt>
File: Graficos/FisicaLocal.png Graphic file (type png)

<use Graficos/FisicaLocal.png>
Package pdftex.def Info: Graficos/FisicaLocal.png used on input line 622.
(pdftex.def)             Requested size: 345.0pt x 223.71782pt.
 <Graficos/FisicaNube.png, id=142, 2214.2725pt x 1206.5075pt>
File: Graficos/FisicaNube.png Graphic file (type png)

<use Graficos/FisicaNube.png>
Package pdftex.def Info: Graficos/FisicaNube.png used on input line 626.
(pdftex.def)             Requested size: 448.50105pt x 244.37166pt.
 [36] [37 <./Graficos/FisicaLocal.png> <./Graficos/FisicaNube.png>]
Overfull \hbox (7.94714pt too wide) in paragraph at lines 668--669
[]\T1/lmr/m/n/10 Directivas: sir-ven pa-ra agre-gar fun-cio-na-li-dad a HTML me-dian-te tags HTML,
 []

[38]
LaTeX Font Info:    Try loading font information for OMS+lmr on input line 699.
 ("C:\Program Files (x86)\MiKTeX 2.9\tex\latex\lm\omslmr.fd"
File: omslmr.fd 2009/10/30 v1.6 Font defs for Latin Modern
)
LaTeX Font Info:    Font shape `OMS/lmr/m/n' in size <10> not available
(Font)              Font shape `OMS/lmsy/m/n' tried instead on input line 699.
 [39] [40]
<Graficos/Camera.png, id=162, 364.36125pt x 218.31563pt>
File: Graficos/Camera.png Graphic file (type png)
 <use Graficos/Camera.png>
Package pdftex.def Info: Graficos/Camera.png used on input line 741.
(pdftex.def)             Requested size: 241.49895pt x 144.69836pt.
 [41 <./Graficos/Camera.png>]
<Graficos/CamaraPerspectiva.png, id=166, 1026.08344pt x 490.08093pt>
File: Graficos/CamaraPerspectiva.png Graphic file (type png)
 <use Graficos/CamaraPerspectiva.png>
Package pdftex.def Info: Graficos/CamaraPerspectiva.png used on input line 755.
(pdftex.def)             Requested size: 448.50105pt x 214.21545pt.
 [42 <./Graficos/CamaraPerspectiva.png>] <Graficos/RayTracing.png, id=171, 349.305pt x 264.99pt>
File: Graficos/RayTracing.png Graphic file (type png)
 <use Graficos/RayTracing.png>
Package pdftex.def Info: Graficos/RayTracing.png used on input line 769.
(pdftex.def)             Requested size: 241.49895pt x 183.2072pt.

<Graficos/escenaModelo1.png, id=172, 284.06125pt x 446.66875pt>
File: Graficos/escenaModelo1.png Graphic file (type png)
 <use Graficos/escenaModelo1.png>
Package pdftex.def Info: Graficos/escenaModelo1.png used on input line 788.
(pdftex.def)             Requested size: 137.9979pt x 217.00212pt.

Overfull \hbox (6.79999pt too wide) in paragraph at lines 788--790
[][]
 []

<Graficos/escenaModelo2.png, id=173, 281.05pt x 450.68375pt>
File: Graficos/escenaModelo2.png Graphic file (type png)
 <use Graficos/escenaModelo2.png>
Package pdftex.def Info: Graficos/escenaModelo2.png used on input line 793.
(pdftex.def)             Requested size: 137.9979pt x 221.29083pt.

Overfull \hbox (6.79999pt too wide) in paragraph at lines 793--795
[][]
 []

[43 <./Graficos/RayTracing.png>] [44 <./Graficos/escenaModelo1.png> <./Graficos/escenaModelo2.png>] [45] [46] [47]
<Graficos/ietfem.png, id=192, 691.83469pt x 387.69844pt>
File: Graficos/ietfem.png Graphic file (type png)
 <use Graficos/ietfem.png>
Package pdftex.def Info: Graficos/ietfem.png used on input line 910.
(pdftex.def)             Requested size: 448.50105pt x 251.33842pt.
 [48] [49 <./Graficos/ietfem.png>]
[50] <Graficos/torres.png, id=203, 1410.0178pt x 900.36375pt>
File: Graficos/torres.png Graphic file (type png)
 <use Graficos/torres.png>
Package pdftex.def Info: Graficos/torres.png used on input line 971.
(pdftex.def)             Requested size: 448.50105pt x 286.39125pt.
 [51] [52 <./Graficos/torres.png>] <Graficos/gruaIndeformada.png, id=210, 700.86844pt x 444.91219pt>
File: Graficos/gruaIndeformada.png Graphic file (type png)
 <use Graficos/gruaIndeformada.png>
Package pdftex.def Info: Graficos/gruaIndeformada.png used on input line 1013.
(pdftex.def)             Requested size: 345.0pt x 219.00682pt.
 [53]
<Graficos/gruaDeformada.png, id=214, 700.86844pt x 444.91219pt>
File: Graficos/gruaDeformada.png Graphic file (type png)
 <use Graficos/gruaDeformada.png>
Package pdftex.def Info: Graficos/gruaDeformada.png used on input line 1025.
(pdftex.def)             Requested size: 345.0pt x 219.00682pt.

<Graficos/gruaColoreada.png, id=215, 700.86844pt x 444.91219pt>
File: Graficos/gruaColoreada.png Graphic file (type png)
 <use Graficos/gruaColoreada.png>
Package pdftex.def Info: Graficos/gruaColoreada.png used on input line 1031.
(pdftex.def)             Requested size: 345.0pt x 219.00682pt.
 [54 <./Graficos/gruaIndeformada.png>] [55 <./Graficos/gruaDeformada.png> <./Graficos/gruaColoreada.png>] [56]
<Graficos/letraEjercicio.png, id=226, 819.8128pt x 441.14813pt>
File: Graficos/letraEjercicio.png Graphic file (type png)
 <use Graficos/letraEjercicio.png>
Package pdftex.def Info: Graficos/letraEjercicio.png used on input line 1106.
(pdftex.def)             Requested size: 345.0pt x 185.65117pt.
 [57]
<Graficos/ejercicio1.png, id=230, 1440.13031pt x 496.10344pt>
File: Graficos/ejercicio1.png Graphic file (type png)
 <use Graficos/ejercicio1.png>
Package pdftex.def Info: Graficos/ejercicio1.png used on input line 1114.
(pdftex.def)             Requested size: 345.0pt x 118.84015pt.

<Graficos/ejercicio2.png, id=231, 1440.13031pt x 624.83438pt>
File: Graficos/ejercicio2.png Graphic file (type png)
 <use Graficos/ejercicio2.png>
Package pdftex.def Info: Graficos/ejercicio2.png used on input line 1122.
(pdftex.def)             Requested size: 345.0pt x 149.67728pt.

<Graficos/ejercicio3.png, id=232, 1440.88312pt x 478.03593pt>
File: Graficos/ejercicio3.png Graphic file (type png)
 <use Graficos/ejercicio3.png>
Package pdftex.def Info: Graficos/ejercicio3.png used on input line 1128.
(pdftex.def)             Requested size: 345.0pt x 114.45378pt.
 [58 <./Graficos/letraEjercicio.png> <./Graficos/ejercicio1.png>] <Graficos/ejercicio4.png, id=236, 425.736pt x 151.767p
t>
File: Graficos/ejercicio4.png Graphic file (type png)

<use Graficos/ejercicio4.png>
Package pdftex.def Info: Graficos/ejercicio4.png used on input line 1142.
(pdftex.def)             Requested size: 413.99895pt x 147.58664pt.
 <Graficos/ejercicio5.png, id=237, 1441.63594pt x 509.65407pt>
File: Graficos/ejercicio5.png Graphic file (type png)

<use Graficos/ejercicio5.png>
Package pdftex.def Info: Graficos/ejercicio5.png used on input line 1148.
(pdftex.def)             Requested size: 413.99895pt x 146.35721pt.
 <Graficos/ejercicio6.png, id=238, 426.7215pt x 148.482pt>
File: Graficos/ejercicio6.png Graphic file (type png)
 <use Graficos/ejercicio6.png>
Package pdftex.def Info: Graficos/ejercicio6.png used on input line 1154.
(pdftex.def)             Requested size: 413.99895pt x 144.05452pt.

<Graficos/ejercicioViejo1.png, id=239, 214.5105pt x 160.965pt>
File: Graficos/ejercicioViejo1.png Graphic file (type png)
 <use Graficos/ejercicioViejo1.png>
Package pdftex.def Info: Graficos/ejercicioViejo1.png used on input line 1164.
(pdftex.def)             Requested size: 276.00105pt x 207.11516pt.

Overfull \hbox (6.79999pt too wide) in paragraph at lines 1164--1166
[][]
 []

<Graficos/ejercicioViejo2.png, id=240, 211.8825pt x 158.994pt>
File: Graficos/ejercicioViejo2.png Graphic file (type png)
 <use Graficos/ejercicioViejo2.png>
Package pdftex.def Info: Graficos/ejercicioViejo2.png used on input line 1169.
(pdftex.def)             Requested size: 276.00105pt x 207.1143pt.

Overfull \hbox (6.79999pt too wide) in paragraph at lines 1169--1171
[][]
 []

[59 <./Graficos/ejercicio2.png> <./Graficos/ejercicio3.png>] [60 <./Graficos/ejercicio4.png> <./Graficos/ejercicio5.png>
] [61 <./Graficos/ejercicio6.png>] [62 <./Graficos/ejercicioViejo1.png> <./Graficos/ejercicioViejo2.png>] [63] [64]
[65]
Overfull \hbox (1.36673pt too wide) in paragraph at lines 1329--1330
[]\T1/lmr/m/it/10 HTML5:  \T1/lmr/m/n/10 https://www.w3.org/TR/html5/introduction.html#introduction 
 []


Overfull \hbox (27.54338pt too wide) in paragraph at lines 1344--1345
[]\T1/lmr/m/it/10 Optimizing Th-reeJS Blog:  \T1/lmr/m/n/10 http://www.ianww.com/blog/2012/11/04/optimizing-
 []


Underfull \hbox (badness 10000) in paragraph at lines 1344--1345
\T1/lmr/m/n/10 three-dot-js-performance-simulating-tens-of-thousands-of-independent-
 []


Overfull \hbox (14.57903pt too wide) in paragraph at lines 1347--1348
[]\T1/lmr/m/it/10 Performance Mo-ni-tor:  \T1/lmr/m/n/10 http://learningthreejs.com/blog/2013/06/25/monitor-
 []

[66] [67] [68] [69] [70] [71] [72] [73]
Underfull \hbox (badness 10000) in paragraph at lines 1700--1703

 []


Underfull \hbox (badness 10000) in paragraph at lines 1709--1721

 []

[74]
Underfull \hbox (badness 10000) in paragraph at lines 1727--1754

 []

[75]
Underfull \hbox (badness 10000) in paragraph at lines 1760--1766

 []


Underfull \hbox (badness 10000) in paragraph at lines 1772--1778

 []

[76]
Underfull \hbox (badness 10000) in paragraph at lines 1803--1815

 []


Underfull \hbox (badness 10000) in paragraph at lines 1818--1845

 []

[77] [78] (Tesis.aux
LaTeX Info: Redefining \. on input line 7.
LaTeX Info: Redefining \% on input line 7.
) ) 
Here is how much of TeX's memory you used:
 13851 strings out of 493673
 267353 string characters out of 3141524
 304242 words of memory out of 3000000
 16903 multiletter control sequences out of 15000+200000
 52412 words of font info for 37 fonts, out of 3000000 for 9000
 1025 hyphenation exceptions out of 8191
 55i,10n,54p,1072b,432s stack positions out of 5000i,500n,10000p,200000b,50000s
{C:/Program Files (x86)/MiKTeX 2.9/fonts/enc/dvips/lm/lm-ec.enc}{C:/Program Files (x86)/MiKTeX 2.9/fonts/enc/dvips/lm
/lm-mathsy.enc}{C:/Program Files (x86)/MiKTeX 2.9/fonts/enc/dvips/lm/lm-rm.enc}{C:/Program Files (x86)/MiKTeX 2.9/fonts/
enc/dvips/lm/lm-mathit.enc}<C:/Program Files (x86)/MiKTeX 2.9/fonts/type1/public/lm/lmbx10.pfb><C:/Program Files (x86)/M
iKTeX 2.9/fonts/type1/public/lm/lmbx12.pfb><C:/Program Files (x86)/MiKTeX 2.9/fonts/type1/public/lm/lmmi10.pfb><C:/Progr
am Files (x86)/MiKTeX 2.9/fonts/type1/public/lm/lmr10.pfb><C:/Program Files (x86)/MiKTeX 2.9/fonts/type1/public/lm/lmr12
.pfb><C:/Program Files (x86)/MiKTeX 2.9/fonts/type1/public/lm/lmr5.pfb><C:/Program Files (x86)/MiKTeX 2.9/fonts/type1/pu
blic/lm/lmr7.pfb><C:/Program Files (x86)/MiKTeX 2.9/fonts/type1/public/lm/lmri10.pfb><C:/Program Files (x86)/MiKTeX 2.9/
fonts/type1/public/lm/lmss8.pfb><C:/Program Files (x86)/MiKTeX 2.9/fonts/type1/public/lm/lmsy10.pfb>
Output written on Tesis.pdf (79 pages, 2831823 bytes).
PDF statistics:
 346 PDF objects out of 1000 (max. 8388607)
 0 named destinations out of 1000 (max. 500000)
 163 words of extra memory for PDF output out of 10000 (max. 10000000)

